<?xml version="1.0" encoding="UTF-8"?>
<!-- Generated by org.testng.reporters.JUnitReportReporter -->
<testsuite hostname="ace" failures="0" tests="2" name="after_before_class.Basics_01" time="0.019" errors="0" timestamp="2024-09-30T15:45:06 IST" skipped="0">
  <testcase classname="after_before_class.Basics_01" name="day2" time="0.003"/>
  <system-out/>
  <testcase classname="after_before_class.Basics_01" name="day1" time="0.016"/>
  <system-out/>
</testsuite> <!-- after_before_class.Basics_01 -->
